2025-11-24 13:43:01,577 INFO [root]: Бот запускается…
2025-11-24 13:43:02,055 INFO [aiogram.dispatcher]: Start polling
2025-11-24 13:43:02,161 INFO [aiogram.dispatcher]: Run polling for bot @RakhatDeliverBot id=8202470421 - 'Rakhat_bot'
2025-11-24 13:43:34,201 INFO [aiogram.event]: Update id=695207653 is handled. Duration 354 ms by bot id=8202470421
2025-11-24 13:43:40,624 INFO [aiogram.event]: Update id=695207654 is handled. Duration 413 ms by bot id=8202470421
2025-11-24 13:43:41,864 INFO [aiogram.event]: Update id=695207655 is handled. Duration 243 ms by bot id=8202470421
2025-11-24 13:43:42,869 INFO [aiogram.event]: Update id=695207656 is handled. Duration 219 ms by bot id=8202470421
2025-11-24 13:43:46,265 INFO [aiogram.event]: Update id=695207657 is handled. Duration 244 ms by bot id=8202470421
2025-11-24 13:43:47,236 INFO [aiogram.event]: Update id=695207658 is handled. Duration 216 ms by bot id=8202470421
2025-11-24 13:43:48,222 INFO [aiogram.event]: Update id=695207659 is handled. Duration 228 ms by bot id=8202470421
2025-11-24 13:43:49,336 INFO [aiogram.event]: Update id=695207660 is handled. Duration 455 ms by bot id=8202470421
2025-11-24 13:43:50,734 INFO [aiogram.event]: Update id=695207661 is handled. Duration 225 ms by bot id=8202470421
2025-11-24 13:43:56,082 INFO [aiogram.event]: Update id=695207662 is handled. Duration 137 ms by bot id=8202470421
2025-11-24 13:44:09,271 INFO [aiogram.event]: Update id=695207663 is handled. Duration 110 ms by bot id=8202470421
2025-11-24 13:44:22,478 INFO [aiogram.event]: Update id=695207664 is handled. Duration 178 ms by bot id=8202470421
2025-11-24 13:44:32,650 INFO [aiogram.event]: Update id=695207665 is handled. Duration 246 ms by bot id=8202470421
2025-11-24 13:44:41,119 INFO [httpx]: HTTP Request: POST https://zqsrkfxbpougvtqonjkh.supabase.co/rest/v1/orders "HTTP/2 201 Created"
2025-11-24 13:44:41,369 INFO [httpx]: HTTP Request: POST https://zqsrkfxbpougvtqonjkh.supabase.co/rest/v1/clients "HTTP/2 200 OK"
2025-11-24 13:44:41,687 INFO [httpx]: HTTP Request: PATCH https://zqsrkfxbpougvtqonjkh.supabase.co/rest/v1/orders?id=eq.43 "HTTP/2 200 OK"
2025-11-24 13:44:42,158 INFO [httpx]: HTTP Request: PATCH https://zqsrkfxbpougvtqonjkh.supabase.co/rest/v1/orders?id=eq.43 "HTTP/2 200 OK"
2025-11-24 13:44:42,160 INFO [aiogram.event]: Update id=695207666 is handled. Duration 2703 ms by bot id=8202470421
2025-11-24 13:44:44,962 INFO [aiogram.event]: Update id=695207667 is handled. Duration 271 ms by bot id=8202470421
2025-11-24 13:44:47,996 INFO [aiogram.event]: Update id=695207668 is handled. Duration 137 ms by bot id=8202470421
2025-11-24 13:47:16,092 INFO [aiogram.dispatcher]: Polling stopped
2025-11-24 13:47:16,345 INFO [root]: Бот остановлен.
2025-11-24 13:47:16,346 INFO [aiogram.dispatcher]: Polling stopped for bot @RakhatDeliverBot id=8202470421 - 'Rakhat_bot'
2025-11-24 13:47:23,685 INFO [root]: Бот запускается…
2025-11-24 13:47:24,381 INFO [aiogram.dispatcher]: Start polling
2025-11-24 13:47:24,561 INFO [aiogram.dispatcher]: Run polling for bot @RakhatDeliverBot id=8202470421 - 'Rakhat_bot'
2025-11-24 13:47:25,974 INFO [aiogram.event]: Update id=695207669 is handled. Duration 355 ms by bot id=8202470421
2025-11-24 13:47:33,021 INFO [aiogram.event]: Update id=695207670 is handled. Duration 109 ms by bot id=8202470421
2025-11-24 13:47:35,246 INFO [aiogram.event]: Update id=695207671 is handled. Duration 275 ms by bot id=8202470421
2025-11-24 13:47:36,480 INFO [aiogram.event]: Update id=695207672 is handled. Duration 387 ms by bot id=8202470421
2025-11-24 13:47:37,407 INFO [aiogram.event]: Update id=695207673 is handled. Duration 295 ms by bot id=8202470421
2025-11-24 13:47:40,843 INFO [aiogram.event]: Update id=695207674 is handled. Duration 333 ms by bot id=8202470421
2025-11-24 13:47:41,939 INFO [aiogram.event]: Update id=695207675 is handled. Duration 283 ms by bot id=8202470421
2025-11-24 13:47:43,025 INFO [aiogram.event]: Update id=695207676 is handled. Duration 212 ms by bot id=8202470421
2025-11-24 13:47:43,812 INFO [aiogram.event]: Update id=695207677 is handled. Duration 223 ms by bot id=8202470421
2025-11-24 13:47:44,801 INFO [aiogram.event]: Update id=695207678 is handled. Duration 530 ms by bot id=8202470421
2025-11-24 13:47:48,635 INFO [aiogram.event]: Update id=695207679 is handled. Duration 324 ms by bot id=8202470421
2025-11-24 13:47:50,449 INFO [aiogram.event]: Update id=695207680 is handled. Duration 294 ms by bot id=8202470421
2025-11-24 13:47:53,343 INFO [aiogram.event]: Update id=695207681 is handled. Duration 213 ms by bot id=8202470421
2025-11-24 13:48:10,860 INFO [aiogram.event]: Update id=695207682 is handled. Duration 470 ms by bot id=8202470421
2025-11-24 13:48:14,126 INFO [aiogram.event]: Update id=695207683 is handled. Duration 222 ms by bot id=8202470421
2025-11-24 13:48:17,241 INFO [httpx]: HTTP Request: POST https://zqsrkfxbpougvtqonjkh.supabase.co/rest/v1/orders "HTTP/2 201 Created"
2025-11-24 13:48:17,528 INFO [httpx]: HTTP Request: POST https://zqsrkfxbpougvtqonjkh.supabase.co/rest/v1/clients "HTTP/2 200 OK"
2025-11-24 13:48:17,842 INFO [httpx]: HTTP Request: PATCH https://zqsrkfxbpougvtqonjkh.supabase.co/rest/v1/orders?id=eq.44 "HTTP/2 200 OK"
2025-11-24 13:48:18,204 INFO [httpx]: HTTP Request: PATCH https://zqsrkfxbpougvtqonjkh.supabase.co/rest/v1/orders?id=eq.44 "HTTP/2 200 OK"
2025-11-24 13:48:18,220 INFO [aiogram.event]: Update id=695207684 is handled. Duration 2187 ms by bot id=8202470421
2025-11-24 13:48:21,041 INFO [aiogram.event]: Update id=695207685 is handled. Duration 156 ms by bot id=8202470421
2025-11-24 13:48:26,728 INFO [aiogram.event]: Update id=695207686 is handled. Duration 133 ms by bot id=8202470421
2025-11-24 13:48:28,089 INFO [aiogram.event]: Update id=695207687 is handled. Duration 264 ms by bot id=8202470421
2025-11-24 13:48:29,139 INFO [aiogram.event]: Update id=695207688 is handled. Duration 244 ms by bot id=8202470421
2025-11-24 13:48:30,179 INFO [aiogram.event]: Update id=695207689 is handled. Duration 255 ms by bot id=8202470421
2025-11-24 13:48:33,059 INFO [aiogram.event]: Update id=695207690 is handled. Duration 521 ms by bot id=8202470421
2025-11-24 13:48:34,038 INFO [aiogram.event]: Update id=695207691 is handled. Duration 269 ms by bot id=8202470421
2025-11-24 13:48:37,636 INFO [aiogram.event]: Update id=695207692 is handled. Duration 167 ms by bot id=8202470421
2025-11-24 13:48:40,678 INFO [aiogram.dispatcher]: Polling stopped
2025-11-24 13:48:40,934 INFO [root]: Бот остановлен.
2025-11-24 13:48:40,938 INFO [aiogram.dispatcher]: Polling stopped for bot @RakhatDeliverBot id=8202470421 - 'Rakhat_bot'
2025-11-24 13:48:52,243 INFO [root]: Бот запускается…
2025-11-24 13:48:52,661 INFO [aiogram.dispatcher]: Start polling
2025-11-24 13:48:52,775 INFO [aiogram.dispatcher]: Run polling for bot @RakhatDeliverBot id=8202470421 - 'Rakhat_bot'
2025-11-24 13:48:56,211 INFO [aiogram.event]: Update id=695207693 is handled. Duration 350 ms by bot id=8202470421
2025-11-24 13:48:57,463 INFO [aiogram.event]: Update id=695207694 is handled. Duration 254 ms by bot id=8202470421
2025-11-24 13:48:58,804 INFO [aiogram.event]: Update id=695207695 is handled. Duration 350 ms by bot id=8202470421
2025-11-24 13:49:00,037 INFO [aiogram.event]: Update id=695207696 is handled. Duration 365 ms by bot id=8202470421
2025-11-24 13:49:01,009 INFO [aiogram.event]: Update id=695207697 is handled. Duration 279 ms by bot id=8202470421
2025-11-24 13:49:02,715 INFO [aiogram.event]: Update id=695207698 is handled. Duration 477 ms by bot id=8202470421
2025-11-24 13:49:05,080 INFO [aiogram.event]: Update id=695207699 is handled. Duration 113 ms by bot id=8202470421
2025-11-24 13:49:21,454 INFO [aiogram.event]: Update id=695207700 is handled. Duration 335 ms by bot id=8202470421
2025-11-24 13:49:24,176 INFO [aiogram.event]: Update id=695207701 is handled. Duration 134 ms by bot id=8202470421
2025-11-24 13:49:26,410 INFO [httpx]: HTTP Request: POST https://zqsrkfxbpougvtqonjkh.supabase.co/rest/v1/orders "HTTP/2 201 Created"
2025-11-24 13:49:26,657 INFO [httpx]: HTTP Request: POST https://zqsrkfxbpougvtqonjkh.supabase.co/rest/v1/clients "HTTP/2 200 OK"
2025-11-24 13:49:26,988 INFO [httpx]: HTTP Request: PATCH https://zqsrkfxbpougvtqonjkh.supabase.co/rest/v1/orders?id=eq.45 "HTTP/2 200 OK"
2025-11-24 13:49:27,290 INFO [httpx]: HTTP Request: PATCH https://zqsrkfxbpougvtqonjkh.supabase.co/rest/v1/orders?id=eq.45 "HTTP/2 200 OK"
2025-11-24 13:49:27,291 INFO [aiogram.event]: Update id=695207702 is handled. Duration 1953 ms by bot id=8202470421
2025-11-24 13:49:29,391 INFO [aiogram.event]: Update id=695207703 is handled. Duration 178 ms by bot id=8202470421
2025-11-24 13:49:31,943 INFO [aiogram.event]: Update id=695207704 is handled. Duration 173 ms by bot id=8202470421
2025-11-24 13:49:43,548 INFO [aiogram.dispatcher]: Polling stopped
2025-11-24 13:49:43,814 INFO [root]: Бот остановлен.
2025-11-24 13:49:43,817 INFO [aiogram.dispatcher]: Polling stopped for bot @RakhatDeliverBot id=8202470421 - 'Rakhat_bot'
2025-11-24 13:53:31,499 INFO [root]: Бот запускается…
2025-11-24 13:53:31,922 INFO [aiogram.dispatcher]: Start polling
2025-11-24 13:53:32,031 INFO [aiogram.dispatcher]: Run polling for bot @RakhatDeliverBot id=8202470421 - 'Rakhat_bot'
2025-11-24 13:53:45,640 INFO [aiogram.event]: Update id=695207705 is handled. Duration 448 ms by bot id=8202470421
2025-11-24 13:53:47,255 INFO [aiogram.event]: Update id=695207706 is handled. Duration 206 ms by bot id=8202470421
2025-11-24 13:53:48,270 INFO [aiogram.event]: Update id=695207707 is handled. Duration 227 ms by bot id=8202470421
2025-11-24 13:53:49,180 INFO [aiogram.event]: Update id=695207708 is handled. Duration 217 ms by bot id=8202470421
2025-11-24 13:53:50,460 INFO [aiogram.event]: Update id=695207709 is handled. Duration 267 ms by bot id=8202470421
2025-11-24 13:53:51,431 INFO [aiogram.event]: Update id=695207710 is handled. Duration 258 ms by bot id=8202470421
2025-11-24 13:53:57,071 INFO [aiogram.event]: Update id=695207711 is handled. Duration 137 ms by bot id=8202470421
2025-11-24 13:54:02,790 INFO [aiogram.event]: Update id=695207712 is handled. Duration 112 ms by bot id=8202470421
2025-11-24 13:54:07,031 INFO [aiogram.event]: Update id=695207713 is handled. Duration 155 ms by bot id=8202470421
2025-11-24 13:54:09,851 INFO [httpx]: HTTP Request: POST https://zqsrkfxbpougvtqonjkh.supabase.co/rest/v1/orders "HTTP/2 201 Created"
2025-11-24 13:54:10,090 INFO [httpx]: HTTP Request: POST https://zqsrkfxbpougvtqonjkh.supabase.co/rest/v1/clients "HTTP/2 200 OK"
2025-11-24 13:54:10,364 INFO [httpx]: HTTP Request: PATCH https://zqsrkfxbpougvtqonjkh.supabase.co/rest/v1/orders?id=eq.46 "HTTP/2 200 OK"
2025-11-24 13:54:10,729 INFO [httpx]: HTTP Request: PATCH https://zqsrkfxbpougvtqonjkh.supabase.co/rest/v1/orders?id=eq.46 "HTTP/2 200 OK"
2025-11-24 13:54:10,732 INFO [aiogram.event]: Update id=695207714 is handled. Duration 2202 ms by bot id=8202470421
2025-11-24 13:54:13,449 INFO [aiogram.event]: Update id=695207715 is handled. Duration 167 ms by bot id=8202470421
2025-11-24 13:54:29,308 INFO [aiogram.event]: Update id=695207716 is handled. Duration 534 ms by bot id=8202470421
2025-11-24 13:54:31,195 INFO [aiogram.event]: Update id=695207717 is handled. Duration 108 ms by bot id=8202470421
2025-11-24 13:54:40,568 INFO [httpx]: HTTP Request: GET https://zqsrkfxbpougvtqonjkh.supabase.co/rest/v1/orders?select=%2A&id=eq.46 "HTTP/2 200 OK"
2025-11-24 13:54:40,724 INFO [aiogram.event]: Update id=695207718 is not handled. Duration 570 ms by bot id=8202470421
2025-11-24 13:54:40,724 ERROR [aiogram.event]: Cause exception while process update id=695207718 by bot id=8202470421
TelegramBadRequest: Telegram server says - Bad Request: message is not modified: specified new message content and reply markup are exactly the same as a current content and reply markup of the message
Traceback (most recent call last):
  File "C:\Users\ifara\AppData\Local\Programs\Python\Python313\Lib\site-packages\aiogram\dispatcher\dispatcher.py", line 309, in _process_update
    response = await self.feed_update(bot, update, **kwargs)
               ^^^^^^^^^^^^^^^^^^^^^^^^^^^^^^^^^^^^^^^^^^^^^
  File "C:\Users\ifara\AppData\Local\Programs\Python\Python313\Lib\site-packages\aiogram\dispatcher\dispatcher.py", line 158, in feed_update
    response = await self.update.wrap_outer_middleware(
               ^^^^^^^^^^^^^^^^^^^^^^^^^^^^^^^^^^^^^^^^
    ...<7 lines>...
    )
    ^
  File "C:\Users\ifara\AppData\Local\Programs\Python\Python313\Lib\site-packages\aiogram\dispatcher\middlewares\error.py", line 25, in __call__
    return await handler(event, data)
           ^^^^^^^^^^^^^^^^^^^^^^^^^^
  File "C:\Users\ifara\AppData\Local\Programs\Python\Python313\Lib\site-packages\aiogram\dispatcher\middlewares\user_context.py", line 56, in __call__
    return await handler(event, data)
           ^^^^^^^^^^^^^^^^^^^^^^^^^^
  File "C:\Users\ifara\AppData\Local\Programs\Python\Python313\Lib\site-packages\aiogram\fsm\middleware.py", line 42, in __call__
    return await handler(event, data)
           ^^^^^^^^^^^^^^^^^^^^^^^^^^
  File "C:\Users\ifara\AppData\Local\Programs\Python\Python313\Lib\site-packages\aiogram\dispatcher\event\telegram.py", line 121, in trigger
    return await wrapped_inner(event, kwargs)
           ^^^^^^^^^^^^^^^^^^^^^^^^^^^^^^^^^^
  File "C:\Users\ifara\AppData\Local\Programs\Python\Python313\Lib\site-packages\aiogram\dispatcher\event\handler.py", line 43, in call
    return await wrapped()
           ^^^^^^^^^^^^^^^
  File "C:\Users\ifara\AppData\Local\Programs\Python\Python313\Lib\site-packages\aiogram\dispatcher\dispatcher.py", line 276, in _listen_update
    return await self.propagate_event(update_type=update_type, event=event, **kwargs)
           ^^^^^^^^^^^^^^^^^^^^^^^^^^^^^^^^^^^^^^^^^^^^^^^^^^^^^^^^^^^^^^^^^^^^^^^^^^
  File "C:\Users\ifara\AppData\Local\Programs\Python\Python313\Lib\site-packages\aiogram\dispatcher\router.py", line 142, in propagate_event
    return await observer.wrap_outer_middleware(_wrapped, event=event, data=kwargs)
           ^^^^^^^^^^^^^^^^^^^^^^^^^^^^^^^^^^^^^^^^^^^^^^^^^^^^^^^^^^^^^^^^^^^^^^^^
  File "C:\Users\ifara\AppData\Local\Programs\Python\Python313\Lib\site-packages\aiogram\dispatcher\router.py", line 137, in _wrapped
    return await self._propagate_event(
           ^^^^^^^^^^^^^^^^^^^^^^^^^^^^
        observer=observer, update_type=update_type, event=telegram_event, **data
        ^^^^^^^^^^^^^^^^^^^^^^^^^^^^^^^^^^^^^^^^^^^^^^^^^^^^^^^^^^^^^^^^^^^^^^^^
    )
    ^
  File "C:\Users\ifara\AppData\Local\Programs\Python\Python313\Lib\site-packages\aiogram\dispatcher\router.py", line 170, in _propagate_event
    response = await router.propagate_event(update_type=update_type, event=event, **kwargs)
               ^^^^^^^^^^^^^^^^^^^^^^^^^^^^^^^^^^^^^^^^^^^^^^^^^^^^^^^^^^^^^^^^^^^^^^^^^^^^
  File "C:\Users\ifara\AppData\Local\Programs\Python\Python313\Lib\site-packages\aiogram\dispatcher\router.py", line 142, in propagate_event
    return await observer.wrap_outer_middleware(_wrapped, event=event, data=kwargs)
           ^^^^^^^^^^^^^^^^^^^^^^^^^^^^^^^^^^^^^^^^^^^^^^^^^^^^^^^^^^^^^^^^^^^^^^^^
  File "C:\Users\ifara\AppData\Local\Programs\Python\Python313\Lib\site-packages\aiogram\dispatcher\router.py", line 137, in _wrapped
    return await self._propagate_event(
           ^^^^^^^^^^^^^^^^^^^^^^^^^^^^
        observer=observer, update_type=update_type, event=telegram_event, **data
        ^^^^^^^^^^^^^^^^^^^^^^^^^^^^^^^^^^^^^^^^^^^^^^^^^^^^^^^^^^^^^^^^^^^^^^^^
    )
    ^
  File "C:\Users\ifara\AppData\Local\Programs\Python\Python313\Lib\site-packages\aiogram\dispatcher\router.py", line 162, in _propagate_event
    response = await observer.trigger(event, **kwargs)
               ^^^^^^^^^^^^^^^^^^^^^^^^^^^^^^^^^^^^^^^
  File "C:\Users\ifara\AppData\Local\Programs\Python\Python313\Lib\site-packages\aiogram\dispatcher\event\telegram.py", line 121, in trigger
    return await wrapped_inner(event, kwargs)
           ^^^^^^^^^^^^^^^^^^^^^^^^^^^^^^^^^^
  File "C:\Users\ifara\AppData\Local\Programs\Python\Python313\Lib\site-packages\aiogram\dispatcher\event\handler.py", line 43, in call
    return await wrapped()
           ^^^^^^^^^^^^^^^
  File "C:\Users\ifara\Desktop\IT\Rahat\Raha-BOT\handlers.py", line 670, in admin_actions
    await callback.message.edit_text(
    ...<6 lines>...
    )
  File "C:\Users\ifara\AppData\Local\Programs\Python\Python313\Lib\site-packages\aiogram\methods\base.py", line 84, in emit
    return await bot(self)
           ^^^^^^^^^^^^^^^
  File "C:\Users\ifara\AppData\Local\Programs\Python\Python313\Lib\site-packages\aiogram\client\bot.py", line 488, in __call__
    return await self.session(self, method, timeout=request_timeout)
           ^^^^^^^^^^^^^^^^^^^^^^^^^^^^^^^^^^^^^^^^^^^^^^^^^^^^^^^^^
  File "C:\Users\ifara\AppData\Local\Programs\Python\Python313\Lib\site-packages\aiogram\client\session\base.py", line 254, in __call__
    return cast(TelegramType, await middleware(bot, method))
                              ^^^^^^^^^^^^^^^^^^^^^^^^^^^^^
  File "C:\Users\ifara\AppData\Local\Programs\Python\Python313\Lib\site-packages\aiogram\client\session\aiohttp.py", line 189, in make_request
    response = self.check_response(
        bot=bot, method=method, status_code=resp.status, content=raw_result
    )
  File "C:\Users\ifara\AppData\Local\Programs\Python\Python313\Lib\site-packages\aiogram\client\session\base.py", line 120, in check_response
    raise TelegramBadRequest(method=method, message=description)
aiogram.exceptions.TelegramBadRequest: Telegram server says - Bad Request: message is not modified: specified new message content and reply markup are exactly the same as a current content and reply markup of the message
2025-11-24 13:55:05,628 INFO [aiogram.dispatcher]: Polling stopped
2025-11-24 13:55:05,898 INFO [root]: Бот остановлен.
2025-11-24 13:55:05,907 INFO [aiogram.dispatcher]: Polling stopped for bot @RakhatDeliverBot id=8202470421 - 'Rakhat_bot'
2025-11-24 13:56:50,340 INFO [root]: Бот запускается…
2025-11-24 13:56:50,791 INFO [aiogram.dispatcher]: Start polling
2025-11-24 13:56:51,037 INFO [aiogram.dispatcher]: Run polling for bot @RakhatDeliverBot id=8202470421 - 'Rakhat_bot'
2025-11-24 13:56:59,545 INFO [aiogram.event]: Update id=695207719 is not handled. Duration 3 ms by bot id=8202470421
2025-11-24 13:57:02,539 INFO [aiogram.event]: Update id=695207720 is handled. Duration 558 ms by bot id=8202470421
2025-11-24 13:57:05,097 INFO [aiogram.event]: Update id=695207721 is handled. Duration 235 ms by bot id=8202470421
2025-11-24 13:57:06,376 INFO [aiogram.event]: Update id=695207722 is handled. Duration 276 ms by bot id=8202470421
2025-11-24 13:57:07,642 INFO [aiogram.event]: Update id=695207723 is handled. Duration 284 ms by bot id=8202470421
2025-11-24 13:57:08,589 INFO [aiogram.event]: Update id=695207724 is handled. Duration 327 ms by bot id=8202470421
2025-11-24 13:57:10,036 INFO [aiogram.event]: Update id=695207725 is handled. Duration 483 ms by bot id=8202470421
2025-11-24 13:57:16,338 INFO [aiogram.event]: Update id=695207726 is handled. Duration 144 ms by bot id=8202470421
2025-11-24 13:57:25,759 INFO [aiogram.event]: Update id=695207727 is handled. Duration 126 ms by bot id=8202470421
2025-11-24 13:57:32,754 INFO [aiogram.event]: Update id=695207728 is handled. Duration 268 ms by bot id=8202470421
2025-11-24 13:57:35,125 INFO [httpx]: HTTP Request: POST https://zqsrkfxbpougvtqonjkh.supabase.co/rest/v1/orders "HTTP/2 201 Created"
2025-11-24 13:57:35,291 INFO [httpx]: HTTP Request: POST https://zqsrkfxbpougvtqonjkh.supabase.co/rest/v1/clients "HTTP/2 200 OK"
2025-11-24 13:57:35,553 INFO [httpx]: HTTP Request: PATCH https://zqsrkfxbpougvtqonjkh.supabase.co/rest/v1/orders?id=eq.47 "HTTP/2 200 OK"
2025-11-24 13:57:35,857 INFO [httpx]: HTTP Request: PATCH https://zqsrkfxbpougvtqonjkh.supabase.co/rest/v1/orders?id=eq.47 "HTTP/2 200 OK"
2025-11-24 13:57:35,859 INFO [aiogram.event]: Update id=695207729 is handled. Duration 1810 ms by bot id=8202470421
2025-11-24 13:57:38,828 INFO [aiogram.event]: Update id=695207730 is handled. Duration 195 ms by bot id=8202470421
2025-11-24 13:58:02,300 INFO [aiogram.dispatcher]: Polling stopped
2025-11-24 13:58:02,566 INFO [root]: Бот остановлен.
2025-11-24 13:58:02,567 INFO [aiogram.dispatcher]: Polling stopped for bot @RakhatDeliverBot id=8202470421 - 'Rakhat_bot'
2025-11-24 14:08:40,899 INFO [root]: Бот запускается…
2025-11-24 14:08:41,381 INFO [aiogram.dispatcher]: Start polling
2025-11-24 14:08:41,476 INFO [aiogram.dispatcher]: Run polling for bot @RakhatDeliverBot id=8202470421 - 'Rakhat_bot'
2025-11-24 14:09:01,458 INFO [aiogram.event]: Update id=695207732 is handled. Duration 325 ms by bot id=8202470421
2025-11-24 14:09:02,653 INFO [aiogram.event]: Update id=695207733 is handled. Duration 201 ms by bot id=8202470421
2025-11-24 14:09:03,922 INFO [aiogram.event]: Update id=695207734 is handled. Duration 213 ms by bot id=8202470421
2025-11-24 14:09:05,264 INFO [aiogram.event]: Update id=695207735 is handled. Duration 242 ms by bot id=8202470421
2025-11-24 14:09:06,920 INFO [aiogram.event]: Update id=695207736 is handled. Duration 345 ms by bot id=8202470421
2025-11-24 14:09:08,208 INFO [aiogram.event]: Update id=695207737 is handled. Duration 340 ms by bot id=8202470421
2025-11-24 14:09:12,493 INFO [aiogram.event]: Update id=695207738 is handled. Duration 185 ms by bot id=8202470421
2025-11-24 14:09:16,942 INFO [aiogram.dispatcher]: Polling stopped
2025-11-24 14:09:17,202 INFO [root]: Бот остановлен.
2025-11-24 14:09:17,203 INFO [aiogram.dispatcher]: Polling stopped for bot @RakhatDeliverBot id=8202470421 - 'Rakhat_bot'
2025-11-24 14:12:36,562 INFO [root]: Бот запускается…
2025-11-24 14:12:37,010 INFO [aiogram.dispatcher]: Start polling
2025-11-24 14:12:37,109 INFO [aiogram.dispatcher]: Run polling for bot @RakhatDeliverBot id=8202470421 - 'Rakhat_bot'
2025-11-24 14:12:47,854 INFO [aiogram.event]: Update id=695207739 is handled. Duration 384 ms by bot id=8202470421
2025-11-24 14:12:49,318 INFO [aiogram.event]: Update id=695207740 is handled. Duration 348 ms by bot id=8202470421
2025-11-24 14:12:50,513 INFO [aiogram.event]: Update id=695207741 is handled. Duration 233 ms by bot id=8202470421
2025-11-24 14:12:51,814 INFO [aiogram.event]: Update id=695207742 is handled. Duration 387 ms by bot id=8202470421
2025-11-24 14:12:52,969 INFO [aiogram.event]: Update id=695207743 is handled. Duration 534 ms by bot id=8202470421
2025-11-24 14:12:53,913 INFO [aiogram.event]: Update id=695207744 is handled. Duration 237 ms by bot id=8202470421
2025-11-24 14:12:56,670 INFO [aiogram.event]: Update id=695207745 is handled. Duration 122 ms by bot id=8202470421
2025-11-24 14:13:31,552 INFO [aiogram.event]: Update id=695207746 is handled. Duration 403 ms by bot id=8202470421
2025-11-24 14:13:35,086 INFO [aiogram.event]: Update id=695207747 is handled. Duration 135 ms by bot id=8202470421
2025-11-24 14:13:38,735 INFO [httpx]: HTTP Request: POST https://zqsrkfxbpougvtqonjkh.supabase.co/rest/v1/orders "HTTP/2 201 Created"
2025-11-24 14:13:38,958 INFO [httpx]: HTTP Request: POST https://zqsrkfxbpougvtqonjkh.supabase.co/rest/v1/clients "HTTP/2 200 OK"
2025-11-24 14:13:39,232 INFO [httpx]: HTTP Request: PATCH https://zqsrkfxbpougvtqonjkh.supabase.co/rest/v1/orders?id=eq.48 "HTTP/2 200 OK"
2025-11-24 14:13:39,627 INFO [httpx]: HTTP Request: PATCH https://zqsrkfxbpougvtqonjkh.supabase.co/rest/v1/orders?id=eq.48 "HTTP/2 200 OK"
2025-11-24 14:13:39,629 INFO [aiogram.event]: Update id=695207748 is handled. Duration 2462 ms by bot id=8202470421
2025-11-24 14:13:41,765 INFO [httpx]: HTTP Request: GET https://zqsrkfxbpougvtqonjkh.supabase.co/rest/v1/orders?select=%2A&id=eq.48 "HTTP/2 200 OK"
2025-11-24 14:13:41,934 INFO [httpx]: HTTP Request: PATCH https://zqsrkfxbpougvtqonjkh.supabase.co/rest/v1/orders?id=eq.48 "HTTP/2 200 OK"
2025-11-24 14:13:42,167 INFO [httpx]: HTTP Request: GET https://zqsrkfxbpougvtqonjkh.supabase.co/rest/v1/orders?select=%2A&id=eq.48 "HTTP/2 200 OK"
2025-11-24 14:13:42,931 WARNING [handlers]: Не удалось обновить сообщение клиента для заказа 48: Telegram server says - Bad Request: message to edit not found
2025-11-24 14:13:43,143 WARNING [handlers]: Не удалось отправить уведомление клиенту для заказа 48: Telegram server says - Forbidden: bots can't send messages to bots
2025-11-24 14:13:43,282 INFO [aiogram.event]: Update id=695207749 is handled. Duration 1725 ms by bot id=8202470421
2025-11-24 14:13:44,944 INFO [httpx]: HTTP Request: GET https://zqsrkfxbpougvtqonjkh.supabase.co/rest/v1/orders?select=%2A&id=eq.48 "HTTP/2 200 OK"
2025-11-24 14:13:45,126 INFO [httpx]: HTTP Request: PATCH https://zqsrkfxbpougvtqonjkh.supabase.co/rest/v1/orders?id=eq.48 "HTTP/2 200 OK"
2025-11-24 14:13:45,485 INFO [httpx]: HTTP Request: GET https://zqsrkfxbpougvtqonjkh.supabase.co/rest/v1/orders?select=%2A&id=eq.48 "HTTP/2 200 OK"
2025-11-24 14:13:45,787 WARNING [handlers]: Не удалось обновить сообщение клиента для заказа 48: Telegram server says - Bad Request: message to edit not found
2025-11-24 14:13:45,944 WARNING [handlers]: Не удалось отправить уведомление клиенту для заказа 48: Telegram server says - Forbidden: bots can't send messages to bots
2025-11-24 14:13:46,078 INFO [aiogram.event]: Update id=695207750 is handled. Duration 1304 ms by bot id=8202470421
2025-11-24 14:14:31,484 INFO [aiogram.dispatcher]: Polling stopped
2025-11-24 14:14:31,747 INFO [root]: Бот остановлен.
2025-11-24 14:14:31,748 INFO [aiogram.dispatcher]: Polling stopped for bot @RakhatDeliverBot id=8202470421 - 'Rakhat_bot'
2025-11-24 14:28:51,513 INFO [root]: Бот запускается…
2025-11-24 14:28:52,049 INFO [aiogram.dispatcher]: Start polling
2025-11-24 14:28:52,145 INFO [aiogram.dispatcher]: Run polling for bot @RakhatDeliverBot id=8202470421 - 'Rakhat_bot'
2025-11-24 14:29:24,758 INFO [aiogram.event]: Update id=695207751 is handled. Duration 451 ms by bot id=8202470421
2025-11-24 14:29:26,674 INFO [aiogram.event]: Update id=695207752 is handled. Duration 335 ms by bot id=8202470421
2025-11-24 14:29:27,691 INFO [aiogram.event]: Update id=695207753 is handled. Duration 213 ms by bot id=8202470421
2025-11-24 14:29:28,877 INFO [aiogram.event]: Update id=695207754 is handled. Duration 541 ms by bot id=8202470421
2025-11-24 14:29:29,723 INFO [aiogram.event]: Update id=695207755 is handled. Duration 422 ms by bot id=8202470421
2025-11-24 14:29:31,391 INFO [aiogram.event]: Update id=695207756 is handled. Duration 395 ms by bot id=8202470421
2025-11-24 14:29:35,195 INFO [aiogram.event]: Update id=695207757 is handled. Duration 168 ms by bot id=8202470421
2025-11-24 14:29:45,947 INFO [aiogram.event]: Update id=695207758 is handled. Duration 151 ms by bot id=8202470421
2025-11-24 14:29:50,358 INFO [aiogram.event]: Update id=695207759 is handled. Duration 244 ms by bot id=8202470421
2025-11-24 14:29:53,307 INFO [httpx]: HTTP Request: POST https://zqsrkfxbpougvtqonjkh.supabase.co/rest/v1/orders "HTTP/2 201 Created"
2025-11-24 14:29:53,785 INFO [httpx]: HTTP Request: POST https://zqsrkfxbpougvtqonjkh.supabase.co/rest/v1/clients "HTTP/2 200 OK"
2025-11-24 14:29:54,152 INFO [httpx]: HTTP Request: PATCH https://zqsrkfxbpougvtqonjkh.supabase.co/rest/v1/orders?id=eq.49 "HTTP/2 200 OK"
2025-11-24 14:29:54,670 INFO [httpx]: HTTP Request: PATCH https://zqsrkfxbpougvtqonjkh.supabase.co/rest/v1/orders?id=eq.49 "HTTP/2 200 OK"
2025-11-24 14:29:54,674 INFO [aiogram.event]: Update id=695207760 is handled. Duration 3040 ms by bot id=8202470421
2025-11-24 14:29:58,157 INFO [httpx]: HTTP Request: GET https://zqsrkfxbpougvtqonjkh.supabase.co/rest/v1/orders?select=%2A&id=eq.49 "HTTP/2 200 OK"
2025-11-24 14:29:58,424 INFO [httpx]: HTTP Request: PATCH https://zqsrkfxbpougvtqonjkh.supabase.co/rest/v1/orders?id=eq.49 "HTTP/2 200 OK"
2025-11-24 14:29:58,641 INFO [httpx]: HTTP Request: GET https://zqsrkfxbpougvtqonjkh.supabase.co/rest/v1/orders?select=%2A&id=eq.49 "HTTP/2 200 OK"
2025-11-24 14:29:59,131 WARNING [handlers]: Не удалось обновить сообщение клиента для заказа 49: Telegram server says - Bad Request: message to edit not found
2025-11-24 14:29:59,373 WARNING [handlers]: Не удалось отправить уведомление клиенту для заказа 49: Telegram server says - Forbidden: bots can't send messages to bots
2025-11-24 14:29:59,546 INFO [aiogram.event]: Update id=695207761 is handled. Duration 1673 ms by bot id=8202470421
2025-11-24 14:30:03,043 INFO [httpx]: HTTP Request: GET https://zqsrkfxbpougvtqonjkh.supabase.co/rest/v1/orders?select=%2A&id=eq.49 "HTTP/2 200 OK"
2025-11-24 14:30:03,214 INFO [httpx]: HTTP Request: PATCH https://zqsrkfxbpougvtqonjkh.supabase.co/rest/v1/orders?id=eq.49 "HTTP/2 200 OK"
2025-11-24 14:30:03,453 INFO [httpx]: HTTP Request: GET https://zqsrkfxbpougvtqonjkh.supabase.co/rest/v1/orders?select=%2A&id=eq.49 "HTTP/2 200 OK"
2025-11-24 14:30:04,023 WARNING [handlers]: Не удалось обновить сообщение клиента для заказа 49: Telegram server says - Bad Request: message to edit not found
2025-11-24 14:30:04,257 WARNING [handlers]: Не удалось отправить уведомление клиенту для заказа 49: Telegram server says - Forbidden: bots can't send messages to bots
2025-11-24 14:30:04,628 INFO [aiogram.event]: Update id=695207762 is handled. Duration 1810 ms by bot id=8202470421
2025-11-24 15:00:38,416 INFO [aiogram.dispatcher]: Polling stopped
2025-11-24 15:00:38,670 INFO [root]: Бот остановлен.
2025-11-24 15:00:38,674 INFO [aiogram.dispatcher]: Polling stopped for bot @RakhatDeliverBot id=8202470421 - 'Rakhat_bot'
2025-11-24 15:08:50,432 INFO [root]: Бот запускается…
2025-11-24 15:08:50,913 INFO [aiogram.dispatcher]: Start polling
2025-11-24 15:08:51,054 INFO [aiogram.dispatcher]: Run polling for bot @RakhatDeliverBot id=8202470421 - 'Rakhat_bot'
2025-11-24 15:09:03,058 INFO [aiogram.event]: Update id=695207763 is handled. Duration 402 ms by bot id=8202470421
2025-11-24 15:09:04,779 INFO [aiogram.event]: Update id=695207764 is handled. Duration 247 ms by bot id=8202470421
2025-11-24 15:09:06,312 INFO [aiogram.event]: Update id=695207765 is handled. Duration 359 ms by bot id=8202470421
2025-11-24 15:09:07,760 INFO [aiogram.event]: Update id=695207766 is handled. Duration 286 ms by bot id=8202470421
2025-11-24 15:09:08,842 INFO [aiogram.event]: Update id=695207767 is handled. Duration 334 ms by bot id=8202470421
2025-11-24 15:09:11,686 INFO [aiogram.event]: Update id=695207768 is handled. Duration 322 ms by bot id=8202470421
2025-11-24 15:09:13,175 INFO [aiogram.event]: Update id=695207769 is handled. Duration 492 ms by bot id=8202470421
2025-11-24 15:09:17,832 INFO [aiogram.event]: Update id=695207770 is handled. Duration 160 ms by bot id=8202470421
2025-11-24 15:09:22,955 INFO [aiogram.event]: Update id=695207771 is handled. Duration 253 ms by bot id=8202470421
2025-11-24 15:09:28,079 INFO [aiogram.event]: Update id=695207772 is handled. Duration 269 ms by bot id=8202470421
2025-11-24 15:09:30,841 INFO [aiogram.event]: Update id=695207773 is handled. Duration 360 ms by bot id=8202470421
2025-11-24 15:09:36,840 INFO [httpx]: HTTP Request: POST https://zqsrkfxbpougvtqonjkh.supabase.co/rest/v1/orders "HTTP/2 201 Created"
2025-11-24 15:09:37,066 INFO [httpx]: HTTP Request: POST https://zqsrkfxbpougvtqonjkh.supabase.co/rest/v1/clients "HTTP/2 200 OK"
2025-11-24 15:09:37,474 INFO [httpx]: HTTP Request: PATCH https://zqsrkfxbpougvtqonjkh.supabase.co/rest/v1/orders?id=eq.50 "HTTP/2 200 OK"
2025-11-24 15:09:38,267 INFO [httpx]: HTTP Request: PATCH https://zqsrkfxbpougvtqonjkh.supabase.co/rest/v1/orders?id=eq.50 "HTTP/2 200 OK"
2025-11-24 15:09:38,270 INFO [aiogram.event]: Update id=695207774 is handled. Duration 3203 ms by bot id=8202470421
2025-11-24 15:09:41,230 INFO [httpx]: HTTP Request: GET https://zqsrkfxbpougvtqonjkh.supabase.co/rest/v1/orders?select=%2A&id=eq.50 "HTTP/2 200 OK"
2025-11-24 15:09:41,394 INFO [httpx]: HTTP Request: PATCH https://zqsrkfxbpougvtqonjkh.supabase.co/rest/v1/orders?id=eq.50 "HTTP/2 200 OK"
2025-11-24 15:09:41,556 INFO [httpx]: HTTP Request: GET https://zqsrkfxbpougvtqonjkh.supabase.co/rest/v1/orders?select=%2A&id=eq.50 "HTTP/2 200 OK"
2025-11-24 15:09:42,169 INFO [httpx]: HTTP Request: PATCH https://zqsrkfxbpougvtqonjkh.supabase.co/rest/v1/orders?id=eq.50 "HTTP/2 200 OK"
2025-11-24 15:09:42,357 INFO [aiogram.event]: Update id=695207775 is handled. Duration 1327 ms by bot id=8202470421
2025-11-24 15:09:53,224 INFO [httpx]: HTTP Request: GET https://zqsrkfxbpougvtqonjkh.supabase.co/rest/v1/orders?select=%2A&id=eq.50 "HTTP/2 200 OK"
2025-11-24 15:09:53,371 INFO [httpx]: HTTP Request: PATCH https://zqsrkfxbpougvtqonjkh.supabase.co/rest/v1/orders?id=eq.50 "HTTP/2 200 OK"
2025-11-24 15:09:53,526 INFO [httpx]: HTTP Request: GET https://zqsrkfxbpougvtqonjkh.supabase.co/rest/v1/orders?select=%2A&id=eq.50 "HTTP/2 200 OK"
2025-11-24 15:09:54,112 INFO [httpx]: HTTP Request: PATCH https://zqsrkfxbpougvtqonjkh.supabase.co/rest/v1/orders?id=eq.50 "HTTP/2 200 OK"
2025-11-24 15:09:54,258 INFO [aiogram.event]: Update id=695207776 is handled. Duration 1642 ms by bot id=8202470421
2025-11-24 15:09:57,128 INFO [httpx]: HTTP Request: GET https://zqsrkfxbpougvtqonjkh.supabase.co/rest/v1/orders?select=%2A&id=eq.50 "HTTP/2 200 OK"
2025-11-24 15:09:57,332 INFO [httpx]: HTTP Request: PATCH https://zqsrkfxbpougvtqonjkh.supabase.co/rest/v1/orders?id=eq.50 "HTTP/2 200 OK"
2025-11-24 15:09:57,616 INFO [httpx]: HTTP Request: GET https://zqsrkfxbpougvtqonjkh.supabase.co/rest/v1/orders?select=%2A&id=eq.50 "HTTP/2 200 OK"
2025-11-24 15:09:58,221 INFO [httpx]: HTTP Request: PATCH https://zqsrkfxbpougvtqonjkh.supabase.co/rest/v1/orders?id=eq.50 "HTTP/2 200 OK"
2025-11-24 15:09:58,358 INFO [aiogram.event]: Update id=695207777 is handled. Duration 1380 ms by bot id=8202470421
2025-11-24 15:10:00,146 INFO [httpx]: HTTP Request: GET https://zqsrkfxbpougvtqonjkh.supabase.co/rest/v1/orders?select=%2A&id=eq.50 "HTTP/2 200 OK"
2025-11-24 15:10:00,532 INFO [httpx]: HTTP Request: PATCH https://zqsrkfxbpougvtqonjkh.supabase.co/rest/v1/orders?id=eq.50 "HTTP/2 200 OK"
2025-11-24 15:10:00,773 INFO [httpx]: HTTP Request: GET https://zqsrkfxbpougvtqonjkh.supabase.co/rest/v1/orders?select=%2A&id=eq.50 "HTTP/2 200 OK"
2025-11-24 15:10:01,308 INFO [httpx]: HTTP Request: PATCH https://zqsrkfxbpougvtqonjkh.supabase.co/rest/v1/orders?id=eq.50 "HTTP/2 200 OK"
2025-11-24 15:10:01,444 INFO [aiogram.event]: Update id=695207778 is handled. Duration 1491 ms by bot id=8202470421
2025-11-24 15:10:03,138 INFO [httpx]: HTTP Request: GET https://zqsrkfxbpougvtqonjkh.supabase.co/rest/v1/orders?select=%2A&id=eq.50 "HTTP/2 200 OK"
2025-11-24 15:10:03,306 INFO [httpx]: HTTP Request: PATCH https://zqsrkfxbpougvtqonjkh.supabase.co/rest/v1/orders?id=eq.50 "HTTP/2 200 OK"
2025-11-24 15:10:03,516 INFO [httpx]: HTTP Request: GET https://zqsrkfxbpougvtqonjkh.supabase.co/rest/v1/orders?select=%2A&id=eq.50 "HTTP/2 200 OK"
2025-11-24 15:10:04,329 INFO [httpx]: HTTP Request: PATCH https://zqsrkfxbpougvtqonjkh.supabase.co/rest/v1/orders?id=eq.50 "HTTP/2 200 OK"
2025-11-24 15:10:04,575 INFO [aiogram.event]: Update id=695207779 is handled. Duration 1634 ms by bot id=8202470421
2025-11-24 15:16:07,205 INFO [aiogram.dispatcher]: Polling stopped
2025-11-24 15:16:07,456 INFO [root]: Бот остановлен.
2025-11-24 15:16:07,457 INFO [aiogram.dispatcher]: Polling stopped for bot @RakhatDeliverBot id=8202470421 - 'Rakhat_bot'
